e:\dropbox\code\c++\dodger\dodger\debug\vc141.pdb
e:\dropbox\code\c++\dodger\dodger\debug\vc141.idb
e:\dropbox\code\c++\dodger\dodger\debug\util.obj
e:\dropbox\code\c++\dodger\dodger\debug\title.obj
e:\dropbox\code\c++\dodger\dodger\debug\timer.obj
e:\dropbox\code\c++\dodger\dodger\debug\textcache.obj
e:\dropbox\code\c++\dodger\dodger\debug\statemachine.obj
e:\dropbox\code\c++\dodger\dodger\debug\sprite.obj
e:\dropbox\code\c++\dodger\dodger\debug\player.obj
e:\dropbox\code\c++\dodger\dodger\debug\difficulty.obj
e:\dropbox\code\c++\dodger\dodger\debug\mediacache.obj
e:\dropbox\code\c++\dodger\dodger\debug\main.obj
e:\dropbox\code\c++\dodger\dodger\debug\game.obj
e:\dropbox\code\c++\dodger\dodger\debug\imagecache.obj
e:\dropbox\code\c++\dodger\dodger\debug\highscore.obj
e:\dropbox\code\c++\dodger\dodger\debug\gametexture.obj
e:\dropbox\code\c++\dodger\dodger\debug\fontcache.obj
e:\dropbox\code\c++\dodger\dodger\debug\engine.obj
e:\dropbox\code\c++\dodger\dodger\debug\enemy.obj
e:\dropbox\code\c++\dodger\dodger\debug\collisionengine.obj
e:\dropbox\code\c++\dodger\debug\dodger.ilk
e:\dropbox\code\c++\dodger\debug\dodger.exe
e:\dropbox\code\c++\dodger\debug\dodger.pdb
e:\dropbox\code\c++\dodger\dodger\debug\dodger.tlog\cl.command.1.tlog
e:\dropbox\code\c++\dodger\dodger\debug\dodger.tlog\cl.read.1.tlog
e:\dropbox\code\c++\dodger\dodger\debug\dodger.tlog\cl.write.1.tlog
e:\dropbox\code\c++\dodger\dodger\debug\dodger.tlog\link.command.1.tlog
e:\dropbox\code\c++\dodger\dodger\debug\dodger.tlog\link.read.1.tlog
e:\dropbox\code\c++\dodger\dodger\debug\dodger.tlog\link.write.1.tlog
